<?xml version="1.0" encoding="UTF-8"?>
<!-- Generated by org.testng.reporters.JUnitReportReporter -->
<testsuite hostname="ITINNOH-DW0266" failures="0" tests="2" name="Utils.exceldataprovider" time="0.057" errors="0" timestamp="2023-08-07T03:43:46 PDT" skipped="0">
  <testcase classname="Utils.exceldataprovider" name="test1" time="0.052"/>
  <testcase classname="Utils.exceldataprovider" name="test1" time="0.005"/>
</testsuite> <!-- Utils.exceldataprovider -->
