<?xml version="1.0" encoding="UTF-8"?>
<!-- Generated by org.testng.reporters.JUnitReportReporter -->
<testsuite hostname="ITINNOH-DW0266" failures="0" tests="2" name="TestScenarios.LoginScenario" time="24.910" errors="0" timestamp="2023-08-08T13:14:22 PDT" skipped="0">
  <testcase classname="TestScenarios.LoginScenario" name="PublishPPI" time="8.262"/>
  <testcase classname="TestScenarios.LoginScenario" name="PublishPPI" time="16.648"/>
</testsuite> <!-- TestScenarios.LoginScenario -->
